2024-09-17T22:32:07.672 [restartedMain] INFO c.c.SkyblueApplication - Starting SkyblueApplication using Java 17.0.11 with PID 488 (C:\factory\ws_sts4_4240\repo_skyblue\skyblue\bin\main started by user in C:\factory\ws_sts4_4240\repo_skyblue\skyblue) 
2024-09-17T22:32:07.672 [restartedMain] INFO c.c.SkyblueApplication - No active profile set, falling back to 1 default profile: "default" 
2024-09-17T22:32:07.702 [restartedMain] INFO o.s.b.d.e.DevToolsPropertyDefaultsPostProcessor - Devtools property defaults active! Set 'spring.devtools.add-properties' to 'false' to disable 
2024-09-17T22:32:07.702 [restartedMain] INFO o.s.b.d.e.DevToolsPropertyDefaultsPostProcessor - For additional web related logging consider setting the 'logging.level.web' property to 'DEBUG' 
2024-09-17T22:32:08.495 [restartedMain] INFO o.s.b.w.e.t.TomcatWebServer - Tomcat initialized with port 8080 (http) 
2024-09-17T22:32:08.495 [restartedMain] INFO o.a.c.h.Http11NioProtocol - Initializing ProtocolHandler ["http-nio-8080"] 
2024-09-17T22:32:08.495 [restartedMain] INFO o.a.c.c.StandardService - Starting service [Tomcat] 
2024-09-17T22:32:08.495 [restartedMain] INFO o.a.c.c.StandardEngine - Starting Servlet engine: [Apache Tomcat/10.1.28] 
2024-09-17T22:32:08.542 [restartedMain] INFO o.a.c.c.C.[.[.[/] - Initializing Spring embedded WebApplicationContext 
2024-09-17T22:32:08.542 [restartedMain] INFO o.s.b.w.s.c.ServletWebServerApplicationContext - Root WebApplicationContext: initialization completed in 840 ms 
2024-09-17T22:32:10.543 [restartedMain] INFO o.s.b.d.a.OptionalLiveReloadServer - LiveReload server is running on port 35729 
2024-09-17T22:32:10.559 [restartedMain] INFO o.a.c.h.Http11NioProtocol - Starting ProtocolHandler ["http-nio-8080"] 
2024-09-17T22:32:10.581 [restartedMain] INFO o.s.b.w.e.t.TomcatWebServer - Tomcat started on port 8080 (http) with context path '/' 
2024-09-17T22:32:10.591 [restartedMain] INFO c.c.SkyblueApplication - Started SkyblueApplication in 3.13 seconds (process running for 3.696) 
2024-09-17T22:32:12.133 [http-nio-8080-exec-1] INFO o.a.c.c.C.[.[.[/] - Initializing Spring DispatcherServlet 'dispatcherServlet' 
2024-09-17T22:32:12.133 [http-nio-8080-exec-1] INFO o.s.w.s.DispatcherServlet - Initializing Servlet 'dispatcherServlet' 
2024-09-17T22:32:12.135 [http-nio-8080-exec-1] INFO o.s.w.s.DispatcherServlet - Completed initialization in 2 ms 
2024-09-17T22:32:12.184 [http-nio-8080-exec-1] INFO c.z.h.HikariDataSource - HikariPool-1 - Starting... 
2024-09-17T22:32:12.437 [http-nio-8080-exec-1] INFO c.z.h.p.PoolBase - HikariPool-1 - Driver does not support get/set network timeout for connections. (Receiver class net.sf.log4jdbc.sql.jdbcapi.ConnectionSpy does not define or inherit an implementation of the resolved method 'abstract int getNetworkTimeout()' of interface java.sql.Connection.) 
2024-09-17T22:32:12.440 [http-nio-8080-exec-1] INFO c.z.h.p.HikariPool - HikariPool-1 - Added connection net.sf.log4jdbc.sql.jdbcapi.ConnectionSpy@64f9228a 
2024-09-17T22:32:12.441 [http-nio-8080-exec-1] INFO c.z.h.HikariDataSource - HikariPool-1 - Start completed. 
2024-09-17T22:32:12.471 [http-nio-8080-exec-1] DEBUG j.sqltiming -  com.zaxxer.hikari.pool.ProxyPreparedStatement.execute(ProxyPreparedStatement.java:44)
1. SELECT
			c.hotelSeq,
		    c.hotelName,
		    c.hotelAddress,
		    c.facilities,
		    c.stars,
		    c.swimmingPool,
		    c.fitnessCenter,
		    c.roomService,
		    c.spa,
		    c.wifi,
		    c.parking,
		    c.hvac,
		    c.smokingArea,
		    c.pets,
		    c.hotel_delNy,
		    c.hotel_useNy
		FROM
			hotel c
		ORDER BY
			c.hotelSeq DESC
 {executed in 12 msec} 
2024-09-17T22:32:12.575 [http-nio-8080-exec-1] ERROR o.t.TemplateEngine - [THYMELEAF][http-nio-8080-exec-1] Exception processing template "/v1/infra/hotel/hotelXdmList": Error resolving template [/v1/infra/hotel/hotelXdmList], template might not exist or might not be accessible by any of the configured Template Resolvers 
org.thymeleaf.exceptions.TemplateInputException: Error resolving template [/v1/infra/hotel/hotelXdmList], template might not exist or might not be accessible by any of the configured Template Resolvers
	at org.thymeleaf.engine.TemplateManager.resolveTemplate(TemplateManager.java:869)
	at org.thymeleaf.engine.TemplateManager.parseAndProcess(TemplateManager.java:607)
	at org.thymeleaf.TemplateEngine.process(TemplateEngine.java:1103)
	at org.thymeleaf.TemplateEngine.process(TemplateEngine.java:1077)
	at org.thymeleaf.spring6.view.ThymeleafView.renderFragment(ThymeleafView.java:372)
	at org.thymeleaf.spring6.view.ThymeleafView.render(ThymeleafView.java:192)
	at org.springframework.web.servlet.DispatcherServlet.render(DispatcherServlet.java:1432)
	at org.springframework.web.servlet.DispatcherServlet.processDispatchResult(DispatcherServlet.java:1168)
	at org.springframework.web.servlet.DispatcherServlet.doDispatch(DispatcherServlet.java:1106)
	at org.springframework.web.servlet.DispatcherServlet.doService(DispatcherServlet.java:979)
	at org.springframework.web.servlet.FrameworkServlet.processRequest(FrameworkServlet.java:1014)
	at org.springframework.web.servlet.FrameworkServlet.doGet(FrameworkServlet.java:903)
	at jakarta.servlet.http.HttpServlet.service(HttpServlet.java:564)
	at org.springframework.web.servlet.FrameworkServlet.service(FrameworkServlet.java:885)
	at jakarta.servlet.http.HttpServlet.service(HttpServlet.java:658)
	at org.apache.catalina.core.ApplicationFilterChain.internalDoFilter(ApplicationFilterChain.java:195)
	at org.apache.catalina.core.ApplicationFilterChain.doFilter(ApplicationFilterChain.java:140)
	at org.apache.tomcat.websocket.server.WsFilter.doFilter(WsFilter.java:51)
	at org.apache.catalina.core.ApplicationFilterChain.internalDoFilter(ApplicationFilterChain.java:164)
	at org.apache.catalina.core.ApplicationFilterChain.doFilter(ApplicationFilterChain.java:140)
	at org.springframework.web.filter.RequestContextFilter.doFilterInternal(RequestContextFilter.java:100)
	at org.springframework.web.filter.OncePerRequestFilter.doFilter(OncePerRequestFilter.java:116)
	at org.apache.catalina.core.ApplicationFilterChain.internalDoFilter(ApplicationFilterChain.java:164)
	at org.apache.catalina.core.ApplicationFilterChain.doFilter(ApplicationFilterChain.java:140)
	at org.springframework.web.filter.FormContentFilter.doFilterInternal(FormContentFilter.java:93)
	at org.springframework.web.filter.OncePerRequestFilter.doFilter(OncePerRequestFilter.java:116)
	at org.apache.catalina.core.ApplicationFilterChain.internalDoFilter(ApplicationFilterChain.java:164)
	at org.apache.catalina.core.ApplicationFilterChain.doFilter(ApplicationFilterChain.java:140)
	at org.springframework.web.filter.CharacterEncodingFilter.doFilterInternal(CharacterEncodingFilter.java:201)
	at org.springframework.web.filter.OncePerRequestFilter.doFilter(OncePerRequestFilter.java:116)
	at org.apache.catalina.core.ApplicationFilterChain.internalDoFilter(ApplicationFilterChain.java:164)
	at org.apache.catalina.core.ApplicationFilterChain.doFilter(ApplicationFilterChain.java:140)
	at org.apache.catalina.core.StandardWrapperValve.invoke(StandardWrapperValve.java:167)
	at org.apache.catalina.core.StandardContextValve.invoke(StandardContextValve.java:90)
	at org.apache.catalina.authenticator.AuthenticatorBase.invoke(AuthenticatorBase.java:483)
	at org.apache.catalina.core.StandardHostValve.invoke(StandardHostValve.java:115)
	at org.apache.catalina.valves.ErrorReportValve.invoke(ErrorReportValve.java:93)
	at org.apache.catalina.core.StandardEngineValve.invoke(StandardEngineValve.java:74)
	at org.apache.catalina.connector.CoyoteAdapter.service(CoyoteAdapter.java:344)
	at org.apache.coyote.http11.Http11Processor.service(Http11Processor.java:384)
	at org.apache.coyote.AbstractProcessorLight.process(AbstractProcessorLight.java:63)
	at org.apache.coyote.AbstractProtocol$ConnectionHandler.process(AbstractProtocol.java:904)
	at org.apache.tomcat.util.net.NioEndpoint$SocketProcessor.doRun(NioEndpoint.java:1741)
	at org.apache.tomcat.util.net.SocketProcessorBase.run(SocketProcessorBase.java:52)
	at org.apache.tomcat.util.threads.ThreadPoolExecutor.runWorker(ThreadPoolExecutor.java:1190)
	at org.apache.tomcat.util.threads.ThreadPoolExecutor$Worker.run(ThreadPoolExecutor.java:659)
	at org.apache.tomcat.util.threads.TaskThread$WrappingRunnable.run(TaskThread.java:63)
	at java.base/java.lang.Thread.run(Thread.java:842)
2024-09-17T22:32:12.578 [http-nio-8080-exec-1] ERROR o.a.c.c.C.[.[.[.[dispatcherServlet] - Servlet.service() for servlet [dispatcherServlet] in context with path [] threw exception [Request processing failed: org.thymeleaf.exceptions.TemplateInputException: Error resolving template [/v1/infra/hotel/hotelXdmList], template might not exist or might not be accessible by any of the configured Template Resolvers] with root cause 
org.thymeleaf.exceptions.TemplateInputException: Error resolving template [/v1/infra/hotel/hotelXdmList], template might not exist or might not be accessible by any of the configured Template Resolvers
	at org.thymeleaf.engine.TemplateManager.resolveTemplate(TemplateManager.java:869)
	at org.thymeleaf.engine.TemplateManager.parseAndProcess(TemplateManager.java:607)
	at org.thymeleaf.TemplateEngine.process(TemplateEngine.java:1103)
	at org.thymeleaf.TemplateEngine.process(TemplateEngine.java:1077)
	at org.thymeleaf.spring6.view.ThymeleafView.renderFragment(ThymeleafView.java:372)
	at org.thymeleaf.spring6.view.ThymeleafView.render(ThymeleafView.java:192)
	at org.springframework.web.servlet.DispatcherServlet.render(DispatcherServlet.java:1432)
	at org.springframework.web.servlet.DispatcherServlet.processDispatchResult(DispatcherServlet.java:1168)
	at org.springframework.web.servlet.DispatcherServlet.doDispatch(DispatcherServlet.java:1106)
	at org.springframework.web.servlet.DispatcherServlet.doService(DispatcherServlet.java:979)
	at org.springframework.web.servlet.FrameworkServlet.processRequest(FrameworkServlet.java:1014)
	at org.springframework.web.servlet.FrameworkServlet.doGet(FrameworkServlet.java:903)
	at jakarta.servlet.http.HttpServlet.service(HttpServlet.java:564)
	at org.springframework.web.servlet.FrameworkServlet.service(FrameworkServlet.java:885)
	at jakarta.servlet.http.HttpServlet.service(HttpServlet.java:658)
	at org.apache.catalina.core.ApplicationFilterChain.internalDoFilter(ApplicationFilterChain.java:195)
	at org.apache.catalina.core.ApplicationFilterChain.doFilter(ApplicationFilterChain.java:140)
	at org.apache.tomcat.websocket.server.WsFilter.doFilter(WsFilter.java:51)
	at org.apache.catalina.core.ApplicationFilterChain.internalDoFilter(ApplicationFilterChain.java:164)
	at org.apache.catalina.core.ApplicationFilterChain.doFilter(ApplicationFilterChain.java:140)
	at org.springframework.web.filter.RequestContextFilter.doFilterInternal(RequestContextFilter.java:100)
	at org.springframework.web.filter.OncePerRequestFilter.doFilter(OncePerRequestFilter.java:116)
	at org.apache.catalina.core.ApplicationFilterChain.internalDoFilter(ApplicationFilterChain.java:164)
	at org.apache.catalina.core.ApplicationFilterChain.doFilter(ApplicationFilterChain.java:140)
	at org.springframework.web.filter.FormContentFilter.doFilterInternal(FormContentFilter.java:93)
	at org.springframework.web.filter.OncePerRequestFilter.doFilter(OncePerRequestFilter.java:116)
	at org.apache.catalina.core.ApplicationFilterChain.internalDoFilter(ApplicationFilterChain.java:164)
	at org.apache.catalina.core.ApplicationFilterChain.doFilter(ApplicationFilterChain.java:140)
	at org.springframework.web.filter.CharacterEncodingFilter.doFilterInternal(CharacterEncodingFilter.java:201)
	at org.springframework.web.filter.OncePerRequestFilter.doFilter(OncePerRequestFilter.java:116)
	at org.apache.catalina.core.ApplicationFilterChain.internalDoFilter(ApplicationFilterChain.java:164)
	at org.apache.catalina.core.ApplicationFilterChain.doFilter(ApplicationFilterChain.java:140)
	at org.apache.catalina.core.StandardWrapperValve.invoke(StandardWrapperValve.java:167)
	at org.apache.catalina.core.StandardContextValve.invoke(StandardContextValve.java:90)
	at org.apache.catalina.authenticator.AuthenticatorBase.invoke(AuthenticatorBase.java:483)
	at org.apache.catalina.core.StandardHostValve.invoke(StandardHostValve.java:115)
	at org.apache.catalina.valves.ErrorReportValve.invoke(ErrorReportValve.java:93)
	at org.apache.catalina.core.StandardEngineValve.invoke(StandardEngineValve.java:74)
	at org.apache.catalina.connector.CoyoteAdapter.service(CoyoteAdapter.java:344)
	at org.apache.coyote.http11.Http11Processor.service(Http11Processor.java:384)
	at org.apache.coyote.AbstractProcessorLight.process(AbstractProcessorLight.java:63)
	at org.apache.coyote.AbstractProtocol$ConnectionHandler.process(AbstractProtocol.java:904)
	at org.apache.tomcat.util.net.NioEndpoint$SocketProcessor.doRun(NioEndpoint.java:1741)
	at org.apache.tomcat.util.net.SocketProcessorBase.run(SocketProcessorBase.java:52)
	at org.apache.tomcat.util.threads.ThreadPoolExecutor.runWorker(ThreadPoolExecutor.java:1190)
	at org.apache.tomcat.util.threads.ThreadPoolExecutor$Worker.run(ThreadPoolExecutor.java:659)
	at org.apache.tomcat.util.threads.TaskThread$WrappingRunnable.run(TaskThread.java:63)
	at java.base/java.lang.Thread.run(Thread.java:842)
2024-09-17T22:37:17.218 [File Watcher] INFO o.s.b.d.a.LocalDevToolsAutoConfiguration$RestartingClassPathChangeChangedEventListener - Restarting due to 1 class path change (0 additions, 0 deletions, 1 modification) 
2024-09-17T22:37:17.222 [Thread-5] INFO o.a.c.h.Http11NioProtocol - Stopping ProtocolHandler ["http-nio-8080"] 
2024-09-17T22:37:17.466 [Thread-5] INFO c.z.h.HikariDataSource - HikariPool-1 - Shutdown initiated... 
2024-09-17T22:37:17.475 [Thread-5] INFO c.z.h.HikariDataSource - HikariPool-1 - Shutdown completed. 
2024-09-17T22:37:17.524 [restartedMain] INFO c.c.SkyblueApplication - Starting SkyblueApplication using Java 17.0.11 with PID 488 (C:\factory\ws_sts4_4240\repo_skyblue\skyblue\bin\main started by user in C:\factory\ws_sts4_4240\repo_skyblue\skyblue) 
2024-09-17T22:37:17.525 [restartedMain] INFO c.c.SkyblueApplication - No active profile set, falling back to 1 default profile: "default" 
2024-09-17T22:37:17.697 [restartedMain] INFO o.s.b.w.e.t.TomcatWebServer - Tomcat initialized with port 8080 (http) 
2024-09-17T22:37:17.698 [restartedMain] INFO o.a.c.h.Http11NioProtocol - Initializing ProtocolHandler ["http-nio-8080"] 
2024-09-17T22:37:17.698 [restartedMain] INFO o.a.c.c.StandardService - Starting service [Tomcat] 
2024-09-17T22:37:17.698 [restartedMain] INFO o.a.c.c.StandardEngine - Starting Servlet engine: [Apache Tomcat/10.1.28] 
2024-09-17T22:37:17.712 [restartedMain] INFO o.a.c.c.C.[.[.[/] - Initializing Spring embedded WebApplicationContext 
2024-09-17T22:37:17.712 [restartedMain] INFO o.s.b.w.s.c.ServletWebServerApplicationContext - Root WebApplicationContext: initialization completed in 185 ms 
2024-09-17T22:37:17.823 [restartedMain] INFO o.s.b.d.a.OptionalLiveReloadServer - LiveReload server is running on port 35729 
2024-09-17T22:37:17.828 [restartedMain] INFO o.a.c.h.Http11NioProtocol - Starting ProtocolHandler ["http-nio-8080"] 
2024-09-17T22:37:17.833 [restartedMain] INFO o.s.b.w.e.t.TomcatWebServer - Tomcat started on port 8080 (http) with context path '/' 
2024-09-17T22:37:17.836 [restartedMain] INFO c.c.SkyblueApplication - Started SkyblueApplication in 0.334 seconds (process running for 310.942) 
2024-09-17T22:37:17.838 [restartedMain] INFO o.s.b.d.a.ConditionEvaluationDeltaLoggingListener - Condition evaluation unchanged 
2024-09-17T22:37:31.585 [http-nio-8080-exec-1] INFO o.a.c.c.C.[.[.[/] - Initializing Spring DispatcherServlet 'dispatcherServlet' 
2024-09-17T22:37:31.588 [http-nio-8080-exec-1] INFO o.s.w.s.DispatcherServlet - Initializing Servlet 'dispatcherServlet' 
2024-09-17T22:37:31.589 [http-nio-8080-exec-1] INFO o.s.w.s.DispatcherServlet - Completed initialization in 1 ms 
2024-09-17T22:37:31.590 [http-nio-8080-exec-1] INFO c.z.h.HikariDataSource - HikariPool-2 - Starting... 
2024-09-17T22:37:31.601 [http-nio-8080-exec-1] INFO c.z.h.p.PoolBase - HikariPool-2 - Driver does not support get/set network timeout for connections. (Receiver class net.sf.log4jdbc.sql.jdbcapi.ConnectionSpy does not define or inherit an implementation of the resolved method 'abstract int getNetworkTimeout()' of interface java.sql.Connection.) 
2024-09-17T22:37:31.603 [http-nio-8080-exec-1] INFO c.z.h.p.HikariPool - HikariPool-2 - Added connection net.sf.log4jdbc.sql.jdbcapi.ConnectionSpy@61ab5280 
2024-09-17T22:37:31.603 [http-nio-8080-exec-1] INFO c.z.h.HikariDataSource - HikariPool-2 - Start completed. 
2024-09-17T22:37:31.605 [http-nio-8080-exec-1] DEBUG j.sqltiming -  com.zaxxer.hikari.pool.ProxyPreparedStatement.execute(ProxyPreparedStatement.java:44)
11. SELECT
			c.hotelSeq,
		    c.hotelName,
		    c.hotelAddress,
		    c.facilities,
		    c.stars,
		    c.swimmingPool,
		    c.fitnessCenter,
		    c.roomService,
		    c.spa,
		    c.wifi,
		    c.parking,
		    c.hvac,
		    c.smokingArea,
		    c.pets,
		    c.hotel_delNy,
		    c.hotel_useNy
		FROM
			hotel c
		ORDER BY
			c.hotelSeq DESC
 {executed in 0 msec} 
2024-09-17T22:38:13.589 [File Watcher] INFO o.s.b.d.a.LocalDevToolsAutoConfiguration$RestartingClassPathChangeChangedEventListener - Restarting due to 2 class path changes (1 addition, 1 deletion, 0 modifications) 
2024-09-17T22:38:13.591 [Thread-7] INFO o.a.c.h.Http11NioProtocol - Stopping ProtocolHandler ["http-nio-8080"] 
2024-09-17T22:38:13.852 [Thread-7] INFO c.z.h.HikariDataSource - HikariPool-2 - Shutdown initiated... 
2024-09-17T22:38:13.857 [Thread-7] INFO c.z.h.HikariDataSource - HikariPool-2 - Shutdown completed. 
2024-09-17T22:38:13.916 [restartedMain] INFO c.c.SkyblueApplication - Starting SkyblueApplication using Java 17.0.11 with PID 488 (C:\factory\ws_sts4_4240\repo_skyblue\skyblue\bin\main started by user in C:\factory\ws_sts4_4240\repo_skyblue\skyblue) 
2024-09-17T22:38:13.916 [restartedMain] INFO c.c.SkyblueApplication - No active profile set, falling back to 1 default profile: "default" 
2024-09-17T22:38:14.083 [restartedMain] INFO o.s.b.w.e.t.TomcatWebServer - Tomcat initialized with port 8080 (http) 
2024-09-17T22:38:14.084 [restartedMain] INFO o.a.c.h.Http11NioProtocol - Initializing ProtocolHandler ["http-nio-8080"] 
2024-09-17T22:38:14.084 [restartedMain] INFO o.a.c.c.StandardService - Starting service [Tomcat] 
2024-09-17T22:38:14.084 [restartedMain] INFO o.a.c.c.StandardEngine - Starting Servlet engine: [Apache Tomcat/10.1.28] 
2024-09-17T22:38:14.094 [restartedMain] INFO o.a.c.c.C.[.[.[/] - Initializing Spring embedded WebApplicationContext 
2024-09-17T22:38:14.094 [restartedMain] INFO o.s.b.w.s.c.ServletWebServerApplicationContext - Root WebApplicationContext: initialization completed in 176 ms 
2024-09-17T22:38:14.199 [restartedMain] INFO o.s.b.d.a.OptionalLiveReloadServer - LiveReload server is running on port 35729 
2024-09-17T22:38:14.204 [restartedMain] INFO o.a.c.h.Http11NioProtocol - Starting ProtocolHandler ["http-nio-8080"] 
2024-09-17T22:38:14.207 [restartedMain] INFO o.s.b.w.e.t.TomcatWebServer - Tomcat started on port 8080 (http) with context path '/' 
2024-09-17T22:38:14.210 [restartedMain] INFO c.c.SkyblueApplication - Started SkyblueApplication in 0.32 seconds (process running for 367.316) 
2024-09-17T22:38:14.211 [restartedMain] INFO o.s.b.d.a.ConditionEvaluationDeltaLoggingListener - Condition evaluation unchanged 
2024-09-17T22:51:23.520 [File Watcher] INFO o.s.b.d.a.LocalDevToolsAutoConfiguration$RestartingClassPathChangeChangedEventListener - Restarting due to 1 class path change (0 additions, 0 deletions, 1 modification) 
2024-09-17T22:51:23.522 [Thread-11] INFO o.a.c.h.Http11NioProtocol - Stopping ProtocolHandler ["http-nio-8080"] 
2024-09-17T22:51:23.820 [restartedMain] INFO c.c.SkyblueApplication - Starting SkyblueApplication using Java 17.0.11 with PID 488 (C:\factory\ws_sts4_4240\repo_skyblue\skyblue\bin\main started by user in C:\factory\ws_sts4_4240\repo_skyblue\skyblue) 
2024-09-17T22:51:23.820 [restartedMain] INFO c.c.SkyblueApplication - No active profile set, falling back to 1 default profile: "default" 
2024-09-17T22:51:23.960 [restartedMain] INFO o.s.b.w.e.t.TomcatWebServer - Tomcat initialized with port 8080 (http) 
2024-09-17T22:51:23.961 [restartedMain] INFO o.a.c.h.Http11NioProtocol - Initializing ProtocolHandler ["http-nio-8080"] 
2024-09-17T22:51:23.961 [restartedMain] INFO o.a.c.c.StandardService - Starting service [Tomcat] 
2024-09-17T22:51:23.961 [restartedMain] INFO o.a.c.c.StandardEngine - Starting Servlet engine: [Apache Tomcat/10.1.28] 
2024-09-17T22:51:23.973 [restartedMain] INFO o.a.c.c.C.[.[.[/] - Initializing Spring embedded WebApplicationContext 
2024-09-17T22:51:23.973 [restartedMain] INFO o.s.b.w.s.c.ServletWebServerApplicationContext - Root WebApplicationContext: initialization completed in 152 ms 
2024-09-17T22:51:24.072 [restartedMain] INFO o.s.b.d.a.OptionalLiveReloadServer - LiveReload server is running on port 35729 
2024-09-17T22:51:24.076 [restartedMain] INFO o.a.c.h.Http11NioProtocol - Starting ProtocolHandler ["http-nio-8080"] 
2024-09-17T22:51:24.079 [restartedMain] INFO o.s.b.w.e.t.TomcatWebServer - Tomcat started on port 8080 (http) with context path '/' 
2024-09-17T22:51:24.083 [restartedMain] INFO c.c.SkyblueApplication - Started SkyblueApplication in 0.282 seconds (process running for 1157.189) 
2024-09-17T22:51:24.084 [restartedMain] INFO o.s.b.d.a.ConditionEvaluationDeltaLoggingListener - Condition evaluation unchanged 
2024-09-17T22:52:25.345 [File Watcher] INFO o.s.b.d.a.LocalDevToolsAutoConfiguration$RestartingClassPathChangeChangedEventListener - Restarting due to 1 class path change (0 additions, 0 deletions, 1 modification) 
2024-09-17T22:52:25.346 [Thread-15] INFO o.a.c.h.Http11NioProtocol - Stopping ProtocolHandler ["http-nio-8080"] 
2024-09-17T22:52:25.646 [restartedMain] INFO c.c.SkyblueApplication - Starting SkyblueApplication using Java 17.0.11 with PID 488 (C:\factory\ws_sts4_4240\repo_skyblue\skyblue\bin\main started by user in C:\factory\ws_sts4_4240\repo_skyblue\skyblue) 
2024-09-17T22:52:25.647 [restartedMain] INFO c.c.SkyblueApplication - No active profile set, falling back to 1 default profile: "default" 
2024-09-17T22:52:25.789 [restartedMain] INFO o.s.b.w.e.t.TomcatWebServer - Tomcat initialized with port 8080 (http) 
2024-09-17T22:52:25.790 [restartedMain] INFO o.a.c.h.Http11NioProtocol - Initializing ProtocolHandler ["http-nio-8080"] 
2024-09-17T22:52:25.790 [restartedMain] INFO o.a.c.c.StandardService - Starting service [Tomcat] 
2024-09-17T22:52:25.790 [restartedMain] INFO o.a.c.c.StandardEngine - Starting Servlet engine: [Apache Tomcat/10.1.28] 
2024-09-17T22:52:25.802 [restartedMain] INFO o.a.c.c.C.[.[.[/] - Initializing Spring embedded WebApplicationContext 
2024-09-17T22:52:25.802 [restartedMain] INFO o.s.b.w.s.c.ServletWebServerApplicationContext - Root WebApplicationContext: initialization completed in 154 ms 
2024-09-17T22:52:25.901 [restartedMain] INFO o.s.b.d.a.OptionalLiveReloadServer - LiveReload server is running on port 35729 
2024-09-17T22:52:25.905 [restartedMain] INFO o.a.c.h.Http11NioProtocol - Starting ProtocolHandler ["http-nio-8080"] 
2024-09-17T22:52:25.908 [restartedMain] INFO o.s.b.w.e.t.TomcatWebServer - Tomcat started on port 8080 (http) with context path '/' 
2024-09-17T22:52:25.910 [restartedMain] INFO c.c.SkyblueApplication - Started SkyblueApplication in 0.282 seconds (process running for 1219.016) 
2024-09-17T22:52:25.911 [restartedMain] INFO o.s.b.d.a.ConditionEvaluationDeltaLoggingListener - Condition evaluation unchanged 
2024-09-17T22:53:05.763 [File Watcher] INFO o.s.b.d.a.LocalDevToolsAutoConfiguration$RestartingClassPathChangeChangedEventListener - Restarting due to 1 class path change (0 additions, 0 deletions, 1 modification) 
2024-09-17T22:53:05.764 [Thread-19] INFO o.a.c.h.Http11NioProtocol - Stopping ProtocolHandler ["http-nio-8080"] 
2024-09-17T22:53:06.063 [restartedMain] INFO c.c.SkyblueApplication - Starting SkyblueApplication using Java 17.0.11 with PID 488 (C:\factory\ws_sts4_4240\repo_skyblue\skyblue\bin\main started by user in C:\factory\ws_sts4_4240\repo_skyblue\skyblue) 
2024-09-17T22:53:06.063 [restartedMain] INFO c.c.SkyblueApplication - No active profile set, falling back to 1 default profile: "default" 
2024-09-17T22:53:06.205 [restartedMain] INFO o.s.b.w.e.t.TomcatWebServer - Tomcat initialized with port 8080 (http) 
2024-09-17T22:53:06.206 [restartedMain] INFO o.a.c.h.Http11NioProtocol - Initializing ProtocolHandler ["http-nio-8080"] 
2024-09-17T22:53:06.206 [restartedMain] INFO o.a.c.c.StandardService - Starting service [Tomcat] 
2024-09-17T22:53:06.206 [restartedMain] INFO o.a.c.c.StandardEngine - Starting Servlet engine: [Apache Tomcat/10.1.28] 
2024-09-17T22:53:06.217 [restartedMain] INFO o.a.c.c.C.[.[.[/] - Initializing Spring embedded WebApplicationContext 
2024-09-17T22:53:06.218 [restartedMain] INFO o.s.b.w.s.c.ServletWebServerApplicationContext - Root WebApplicationContext: initialization completed in 153 ms 
2024-09-17T22:53:06.331 [restartedMain] INFO o.s.b.d.a.OptionalLiveReloadServer - LiveReload server is running on port 35729 
2024-09-17T22:53:06.336 [restartedMain] INFO o.a.c.h.Http11NioProtocol - Starting ProtocolHandler ["http-nio-8080"] 
2024-09-17T22:53:06.339 [restartedMain] INFO o.s.b.w.e.t.TomcatWebServer - Tomcat started on port 8080 (http) with context path '/' 
2024-09-17T22:53:06.342 [restartedMain] INFO c.c.SkyblueApplication - Started SkyblueApplication in 0.298 seconds (process running for 1259.448) 
2024-09-17T22:53:06.344 [restartedMain] INFO o.s.b.d.a.ConditionEvaluationDeltaLoggingListener - Condition evaluation unchanged 
2024-09-17T22:54:54.605 [File Watcher] INFO o.s.b.d.a.LocalDevToolsAutoConfiguration$RestartingClassPathChangeChangedEventListener - Restarting due to 1 class path change (0 additions, 0 deletions, 1 modification) 
2024-09-17T22:54:54.606 [Thread-23] INFO o.a.c.h.Http11NioProtocol - Stopping ProtocolHandler ["http-nio-8080"] 
2024-09-17T22:54:54.908 [restartedMain] INFO c.c.SkyblueApplication - Starting SkyblueApplication using Java 17.0.11 with PID 488 (C:\factory\ws_sts4_4240\repo_skyblue\skyblue\bin\main started by user in C:\factory\ws_sts4_4240\repo_skyblue\skyblue) 
2024-09-17T22:54:54.908 [restartedMain] INFO c.c.SkyblueApplication - No active profile set, falling back to 1 default profile: "default" 
2024-09-17T22:54:55.040 [restartedMain] INFO o.s.b.w.e.t.TomcatWebServer - Tomcat initialized with port 8080 (http) 
2024-09-17T22:54:55.041 [restartedMain] INFO o.a.c.h.Http11NioProtocol - Initializing ProtocolHandler ["http-nio-8080"] 
2024-09-17T22:54:55.041 [restartedMain] INFO o.a.c.c.StandardService - Starting service [Tomcat] 
2024-09-17T22:54:55.041 [restartedMain] INFO o.a.c.c.StandardEngine - Starting Servlet engine: [Apache Tomcat/10.1.28] 
2024-09-17T22:54:55.052 [restartedMain] INFO o.a.c.c.C.[.[.[/] - Initializing Spring embedded WebApplicationContext 
2024-09-17T22:54:55.052 [restartedMain] INFO o.s.b.w.s.c.ServletWebServerApplicationContext - Root WebApplicationContext: initialization completed in 143 ms 
2024-09-17T22:54:55.131 [restartedMain] INFO o.s.b.d.a.OptionalLiveReloadServer - LiveReload server is running on port 35729 
2024-09-17T22:54:55.135 [restartedMain] INFO o.a.c.h.Http11NioProtocol - Starting ProtocolHandler ["http-nio-8080"] 
2024-09-17T22:54:55.137 [restartedMain] INFO o.s.b.w.e.t.TomcatWebServer - Tomcat started on port 8080 (http) with context path '/' 
2024-09-17T22:54:55.141 [restartedMain] INFO c.c.SkyblueApplication - Started SkyblueApplication in 0.251 seconds (process running for 1368.247) 
2024-09-17T22:54:55.141 [restartedMain] INFO o.s.b.d.a.ConditionEvaluationDeltaLoggingListener - Condition evaluation unchanged 
2024-09-17T22:55:24.440 [http-nio-8080-exec-1] INFO o.a.c.c.C.[.[.[/] - Initializing Spring DispatcherServlet 'dispatcherServlet' 
2024-09-17T22:55:24.440 [http-nio-8080-exec-1] INFO o.s.w.s.DispatcherServlet - Initializing Servlet 'dispatcherServlet' 
2024-09-17T22:55:24.441 [http-nio-8080-exec-1] INFO o.s.w.s.DispatcherServlet - Completed initialization in 1 ms 
2024-09-17T22:55:24.442 [http-nio-8080-exec-1] INFO c.z.h.HikariDataSource - HikariPool-3 - Starting... 
2024-09-17T22:55:24.454 [http-nio-8080-exec-1] INFO c.z.h.p.PoolBase - HikariPool-3 - Driver does not support get/set network timeout for connections. (Receiver class net.sf.log4jdbc.sql.jdbcapi.ConnectionSpy does not define or inherit an implementation of the resolved method 'abstract int getNetworkTimeout()' of interface java.sql.Connection.) 
2024-09-17T22:55:24.455 [http-nio-8080-exec-1] INFO c.z.h.p.HikariPool - HikariPool-3 - Added connection net.sf.log4jdbc.sql.jdbcapi.ConnectionSpy@33bf9223 
2024-09-17T22:55:24.455 [http-nio-8080-exec-1] INFO c.z.h.HikariDataSource - HikariPool-3 - Start completed. 
2024-09-17T22:55:24.457 [http-nio-8080-exec-1] DEBUG j.sqltiming -  com.zaxxer.hikari.pool.ProxyPreparedStatement.execute(ProxyPreparedStatement.java:44)
21. SELECT
			c.hotelSeq,
		    c.hotelName,
		    c.hotelAddress,
		    c.facilities,
		    c.stars,
		    c.swimmingPool,
		    c.fitnessCenter,
		    c.roomService,
		    c.spa,
		    c.wifi,
		    c.parking,
		    c.hvac,
		    c.smokingArea,
		    c.pets,
		    c.hotel_delNy,
		    c.hotel_useNy
		FROM
			hotel c
		ORDER BY
			c.hotelSeq DESC
 {executed in 1 msec} 
2024-09-17T22:55:43.258 [http-nio-8080-exec-1] DEBUG j.sqltiming -  com.zaxxer.hikari.pool.ProxyPreparedStatement.execute(ProxyPreparedStatement.java:44)
21. SELECT
			c.hotelSeq,
		    c.hotelName,
		    c.hotelAddress,
		    c.facilities,
		    c.stars,
		    c.swimmingPool,
		    c.fitnessCenter,
		    c.roomService,
		    c.spa,
		    c.wifi,
		    c.parking,
		    c.hvac,
		    c.smokingArea,
		    c.pets,
		    c.hotel_delNy,
		    c.hotel_useNy
		FROM
			hotel c
		ORDER BY
			c.hotelSeq DESC
 {executed in 1 msec} 
2024-09-17T22:56:22.076 [http-nio-8080-exec-8] DEBUG j.sqltiming -  com.zaxxer.hikari.pool.ProxyPreparedStatement.execute(ProxyPreparedStatement.java:44)
21. SELECT
			c.hotelSeq,
		    c.hotelName,
		    c.hotelAddress,
		    c.facilities,
		    c.stars,
		    c.swimmingPool,
		    c.fitnessCenter,
		    c.roomService,
		    c.spa,
		    c.wifi,
		    c.parking,
		    c.hvac,
		    c.smokingArea,
		    c.pets,
		    c.hotel_delNy,
		    c.hotel_useNy
		FROM
			hotel c
		ORDER BY
			c.hotelSeq DESC
 {executed in 1 msec} 
