2024-09-12T15:05:59.206 [HikariPool-2 housekeeper] WARN c.z.h.p.HikariPool - HikariPool-2 - Thread starvation or clock leap detected (housekeeper delta=19m50s983ms736µs700ns). 
2024-09-12T15:43:00.624 [File Watcher] INFO o.s.b.d.a.LocalDevToolsAutoConfiguration$RestartingClassPathChangeChangedEventListener - Restarting due to 1 class path change (0 additions, 0 deletions, 1 modification) 
2024-09-12T15:43:00.627 [Thread-7] INFO o.a.c.h.Http11NioProtocol - Stopping ProtocolHandler ["http-nio-8080"] 
2024-09-12T15:43:00.877 [Thread-7] INFO c.z.h.HikariDataSource - HikariPool-2 - Shutdown initiated... 
2024-09-12T15:43:00.890 [Thread-7] INFO c.z.h.HikariDataSource - HikariPool-2 - Shutdown completed. 
2024-09-12T15:43:00.963 [restartedMain] INFO c.c.SkyblueApplication - Starting SkyblueApplication using Java 17.0.11 with PID 22428 (C:\factory\ws_sts4_4240\repo_skyblue\skyblue\bin\main started by user in C:\factory\ws_sts4_4240\repo_skyblue\skyblue) 
2024-09-12T15:43:00.963 [restartedMain] INFO c.c.SkyblueApplication - No active profile set, falling back to 1 default profile: "default" 
2024-09-12T15:43:01.164 [restartedMain] INFO o.s.b.w.e.t.TomcatWebServer - Tomcat initialized with port 8080 (http) 
2024-09-12T15:43:01.165 [restartedMain] INFO o.a.c.h.Http11NioProtocol - Initializing ProtocolHandler ["http-nio-8080"] 
2024-09-12T15:43:01.165 [restartedMain] INFO o.a.c.c.StandardService - Starting service [Tomcat] 
2024-09-12T15:43:01.165 [restartedMain] INFO o.a.c.c.StandardEngine - Starting Servlet engine: [Apache Tomcat/10.1.28] 
2024-09-12T15:43:01.177 [restartedMain] INFO o.a.c.c.C.[.[.[/] - Initializing Spring embedded WebApplicationContext 
2024-09-12T15:43:01.177 [restartedMain] INFO o.s.b.w.s.c.ServletWebServerApplicationContext - Root WebApplicationContext: initialization completed in 212 ms 
2024-09-12T15:43:01.297 [restartedMain] INFO o.s.b.d.a.OptionalLiveReloadServer - LiveReload server is running on port 35729 
2024-09-12T15:43:01.302 [restartedMain] INFO o.a.c.h.Http11NioProtocol - Starting ProtocolHandler ["http-nio-8080"] 
2024-09-12T15:43:01.305 [restartedMain] INFO o.s.b.w.e.t.TomcatWebServer - Tomcat started on port 8080 (http) with context path '/' 
2024-09-12T15:43:01.308 [restartedMain] INFO c.c.SkyblueApplication - Started SkyblueApplication in 0.372 seconds (process running for 11134.781) 
2024-09-12T15:43:01.309 [restartedMain] INFO o.s.b.d.a.ConditionEvaluationDeltaLoggingListener - Condition evaluation unchanged 
2024-09-12T15:48:51.731 [File Watcher] INFO o.s.b.d.a.LocalDevToolsAutoConfiguration$RestartingClassPathChangeChangedEventListener - Restarting due to 1 class path change (0 additions, 0 deletions, 1 modification) 
2024-09-12T15:48:51.733 [Thread-11] INFO o.a.c.h.Http11NioProtocol - Stopping ProtocolHandler ["http-nio-8080"] 
2024-09-12T15:48:52.055 [restartedMain] INFO c.c.SkyblueApplication - Starting SkyblueApplication using Java 17.0.11 with PID 22428 (C:\factory\ws_sts4_4240\repo_skyblue\skyblue\bin\main started by user in C:\factory\ws_sts4_4240\repo_skyblue\skyblue) 
2024-09-12T15:48:52.056 [restartedMain] INFO c.c.SkyblueApplication - No active profile set, falling back to 1 default profile: "default" 
2024-09-12T15:48:52.197 [restartedMain] INFO o.s.b.w.e.t.TomcatWebServer - Tomcat initialized with port 8080 (http) 
2024-09-12T15:48:52.197 [restartedMain] INFO o.a.c.h.Http11NioProtocol - Initializing ProtocolHandler ["http-nio-8080"] 
2024-09-12T15:48:52.198 [restartedMain] INFO o.a.c.c.StandardService - Starting service [Tomcat] 
2024-09-12T15:48:52.198 [restartedMain] INFO o.a.c.c.StandardEngine - Starting Servlet engine: [Apache Tomcat/10.1.28] 
2024-09-12T15:48:52.211 [restartedMain] INFO o.a.c.c.C.[.[.[/] - Initializing Spring embedded WebApplicationContext 
2024-09-12T15:48:52.211 [restartedMain] INFO o.s.b.w.s.c.ServletWebServerApplicationContext - Root WebApplicationContext: initialization completed in 154 ms 
2024-09-12T15:48:52.341 [restartedMain] INFO o.s.b.d.a.OptionalLiveReloadServer - LiveReload server is running on port 35729 
2024-09-12T15:48:52.345 [restartedMain] INFO o.a.c.h.Http11NioProtocol - Starting ProtocolHandler ["http-nio-8080"] 
2024-09-12T15:48:52.349 [restartedMain] INFO o.s.b.w.e.t.TomcatWebServer - Tomcat started on port 8080 (http) with context path '/' 
2024-09-12T15:48:52.353 [restartedMain] INFO c.c.SkyblueApplication - Started SkyblueApplication in 0.318 seconds (process running for 11485.827) 
2024-09-12T15:48:52.355 [restartedMain] INFO o.s.b.d.a.ConditionEvaluationDeltaLoggingListener - Condition evaluation unchanged 
2024-09-12T15:49:52.860 [File Watcher] INFO o.s.b.d.a.LocalDevToolsAutoConfiguration$RestartingClassPathChangeChangedEventListener - Restarting due to 1 class path change (0 additions, 0 deletions, 1 modification) 
2024-09-12T15:49:52.862 [Thread-15] INFO o.a.c.h.Http11NioProtocol - Stopping ProtocolHandler ["http-nio-8080"] 
2024-09-12T15:49:53.162 [restartedMain] INFO c.c.SkyblueApplication - Starting SkyblueApplication using Java 17.0.11 with PID 22428 (C:\factory\ws_sts4_4240\repo_skyblue\skyblue\bin\main started by user in C:\factory\ws_sts4_4240\repo_skyblue\skyblue) 
2024-09-12T15:49:53.162 [restartedMain] INFO c.c.SkyblueApplication - No active profile set, falling back to 1 default profile: "default" 
2024-09-12T15:49:53.297 [restartedMain] INFO o.s.b.w.e.t.TomcatWebServer - Tomcat initialized with port 8080 (http) 
2024-09-12T15:49:53.298 [restartedMain] INFO o.a.c.h.Http11NioProtocol - Initializing ProtocolHandler ["http-nio-8080"] 
2024-09-12T15:49:53.298 [restartedMain] INFO o.a.c.c.StandardService - Starting service [Tomcat] 
2024-09-12T15:49:53.298 [restartedMain] INFO o.a.c.c.StandardEngine - Starting Servlet engine: [Apache Tomcat/10.1.28] 
2024-09-12T15:49:53.309 [restartedMain] INFO o.a.c.c.C.[.[.[/] - Initializing Spring embedded WebApplicationContext 
2024-09-12T15:49:53.310 [restartedMain] INFO o.s.b.w.s.c.ServletWebServerApplicationContext - Root WebApplicationContext: initialization completed in 147 ms 
2024-09-12T15:49:53.415 [restartedMain] INFO o.s.b.d.a.OptionalLiveReloadServer - LiveReload server is running on port 35729 
2024-09-12T15:49:53.419 [restartedMain] INFO o.a.c.h.Http11NioProtocol - Starting ProtocolHandler ["http-nio-8080"] 
2024-09-12T15:49:53.421 [restartedMain] INFO o.s.b.w.e.t.TomcatWebServer - Tomcat started on port 8080 (http) with context path '/' 
2024-09-12T15:49:53.425 [restartedMain] INFO c.c.SkyblueApplication - Started SkyblueApplication in 0.281 seconds (process running for 11546.898) 
2024-09-12T15:49:53.426 [restartedMain] INFO o.s.b.d.a.ConditionEvaluationDeltaLoggingListener - Condition evaluation unchanged 
2024-09-12T15:50:02.736 [File Watcher] INFO o.s.b.d.a.LocalDevToolsAutoConfiguration$RestartingClassPathChangeChangedEventListener - Restarting due to 1 class path change (0 additions, 0 deletions, 1 modification) 
2024-09-12T15:50:02.737 [Thread-19] INFO o.a.c.h.Http11NioProtocol - Stopping ProtocolHandler ["http-nio-8080"] 
2024-09-12T15:50:03.064 [restartedMain] INFO c.c.SkyblueApplication - Starting SkyblueApplication using Java 17.0.11 with PID 22428 (C:\factory\ws_sts4_4240\repo_skyblue\skyblue\bin\main started by user in C:\factory\ws_sts4_4240\repo_skyblue\skyblue) 
2024-09-12T15:50:03.064 [restartedMain] INFO c.c.SkyblueApplication - No active profile set, falling back to 1 default profile: "default" 
2024-09-12T15:50:03.194 [restartedMain] INFO o.s.b.w.e.t.TomcatWebServer - Tomcat initialized with port 8080 (http) 
2024-09-12T15:50:03.194 [restartedMain] INFO o.a.c.h.Http11NioProtocol - Initializing ProtocolHandler ["http-nio-8080"] 
2024-09-12T15:50:03.195 [restartedMain] INFO o.a.c.c.StandardService - Starting service [Tomcat] 
2024-09-12T15:50:03.195 [restartedMain] INFO o.a.c.c.StandardEngine - Starting Servlet engine: [Apache Tomcat/10.1.28] 
2024-09-12T15:50:03.207 [restartedMain] INFO o.a.c.c.C.[.[.[/] - Initializing Spring embedded WebApplicationContext 
2024-09-12T15:50:03.208 [restartedMain] INFO o.s.b.w.s.c.ServletWebServerApplicationContext - Root WebApplicationContext: initialization completed in 142 ms 
2024-09-12T15:50:03.302 [restartedMain] INFO o.s.b.d.a.OptionalLiveReloadServer - LiveReload server is running on port 35729 
2024-09-12T15:50:03.305 [restartedMain] INFO o.a.c.h.Http11NioProtocol - Starting ProtocolHandler ["http-nio-8080"] 
2024-09-12T15:50:03.308 [restartedMain] INFO o.s.b.w.e.t.TomcatWebServer - Tomcat started on port 8080 (http) with context path '/' 
2024-09-12T15:50:03.312 [restartedMain] INFO c.c.SkyblueApplication - Started SkyblueApplication in 0.268 seconds (process running for 11556.785) 
2024-09-12T15:50:03.313 [restartedMain] INFO o.s.b.d.a.ConditionEvaluationDeltaLoggingListener - Condition evaluation unchanged 
2024-09-12T15:50:06.713 [File Watcher] INFO o.s.b.d.a.LocalDevToolsAutoConfiguration$RestartingClassPathChangeChangedEventListener - Restarting due to 1 class path change (0 additions, 0 deletions, 1 modification) 
2024-09-12T15:50:06.714 [Thread-23] INFO o.a.c.h.Http11NioProtocol - Stopping ProtocolHandler ["http-nio-8080"] 
2024-09-12T15:50:07.015 [restartedMain] INFO c.c.SkyblueApplication - Starting SkyblueApplication using Java 17.0.11 with PID 22428 (C:\factory\ws_sts4_4240\repo_skyblue\skyblue\bin\main started by user in C:\factory\ws_sts4_4240\repo_skyblue\skyblue) 
2024-09-12T15:50:07.015 [restartedMain] INFO c.c.SkyblueApplication - No active profile set, falling back to 1 default profile: "default" 
2024-09-12T15:50:07.138 [restartedMain] INFO o.s.b.w.e.t.TomcatWebServer - Tomcat initialized with port 8080 (http) 
2024-09-12T15:50:07.139 [restartedMain] INFO o.a.c.h.Http11NioProtocol - Initializing ProtocolHandler ["http-nio-8080"] 
2024-09-12T15:50:07.139 [restartedMain] INFO o.a.c.c.StandardService - Starting service [Tomcat] 
2024-09-12T15:50:07.139 [restartedMain] INFO o.a.c.c.StandardEngine - Starting Servlet engine: [Apache Tomcat/10.1.28] 
2024-09-12T15:50:07.150 [restartedMain] INFO o.a.c.c.C.[.[.[/] - Initializing Spring embedded WebApplicationContext 
2024-09-12T15:50:07.150 [restartedMain] INFO o.s.b.w.s.c.ServletWebServerApplicationContext - Root WebApplicationContext: initialization completed in 133 ms 
2024-09-12T15:50:07.265 [restartedMain] INFO o.s.b.d.a.OptionalLiveReloadServer - LiveReload server is running on port 35729 
2024-09-12T15:50:07.268 [restartedMain] INFO o.a.c.h.Http11NioProtocol - Starting ProtocolHandler ["http-nio-8080"] 
2024-09-12T15:50:07.272 [restartedMain] INFO o.s.b.w.e.t.TomcatWebServer - Tomcat started on port 8080 (http) with context path '/' 
2024-09-12T15:50:07.277 [restartedMain] INFO c.c.SkyblueApplication - Started SkyblueApplication in 0.277 seconds (process running for 11560.75) 
2024-09-12T15:50:07.278 [restartedMain] INFO o.s.b.d.a.ConditionEvaluationDeltaLoggingListener - Condition evaluation unchanged 
2024-09-12T15:56:04.300 [RMI TCP Connection(125)-127.0.0.1] INFO o.s.b.a.SpringApplicationAdminMXBeanRegistrar$SpringApplicationAdmin - Application shutdown requested. 
2024-09-12T15:56:04.301 [RMI TCP Connection(125)-127.0.0.1] INFO o.a.c.h.Http11NioProtocol - Stopping ProtocolHandler ["http-nio-8080"] 
2024-09-12T15:56:07.124 [restartedMain] INFO c.c.SkyblueApplication - Starting SkyblueApplication using Java 17.0.11 with PID 22956 (C:\factory\ws_sts4_4240\repo_skyblue\skyblue\bin\main started by user in C:\factory\ws_sts4_4240\repo_skyblue\skyblue) 
2024-09-12T15:56:07.125 [restartedMain] INFO c.c.SkyblueApplication - No active profile set, falling back to 1 default profile: "default" 
2024-09-12T15:56:07.157 [restartedMain] INFO o.s.b.d.e.DevToolsPropertyDefaultsPostProcessor - Devtools property defaults active! Set 'spring.devtools.add-properties' to 'false' to disable 
2024-09-12T15:56:07.157 [restartedMain] INFO o.s.b.d.e.DevToolsPropertyDefaultsPostProcessor - For additional web related logging consider setting the 'logging.level.web' property to 'DEBUG' 
2024-09-12T15:56:07.861 [restartedMain] INFO o.s.b.w.e.t.TomcatWebServer - Tomcat initialized with port 8080 (http) 
2024-09-12T15:56:07.868 [restartedMain] INFO o.a.c.h.Http11NioProtocol - Initializing ProtocolHandler ["http-nio-8080"] 
2024-09-12T15:56:07.872 [restartedMain] INFO o.a.c.c.StandardService - Starting service [Tomcat] 
2024-09-12T15:56:07.872 [restartedMain] INFO o.a.c.c.StandardEngine - Starting Servlet engine: [Apache Tomcat/10.1.28] 
2024-09-12T15:56:07.916 [restartedMain] INFO o.a.c.c.C.[.[.[/] - Initializing Spring embedded WebApplicationContext 
2024-09-12T15:56:07.917 [restartedMain] INFO o.s.b.w.s.c.ServletWebServerApplicationContext - Root WebApplicationContext: initialization completed in 760 ms 
2024-09-12T15:56:09.345 [restartedMain] INFO o.s.b.d.a.OptionalLiveReloadServer - LiveReload server is running on port 35729 
2024-09-12T15:56:09.359 [restartedMain] INFO o.a.c.h.Http11NioProtocol - Starting ProtocolHandler ["http-nio-8080"] 
2024-09-12T15:56:09.377 [restartedMain] INFO o.s.b.w.e.t.TomcatWebServer - Tomcat started on port 8080 (http) with context path '/' 
2024-09-12T15:56:09.387 [restartedMain] INFO c.c.SkyblueApplication - Started SkyblueApplication in 2.478 seconds (process running for 3.035) 
2024-09-12T15:57:55.291 [File Watcher] INFO o.s.b.d.a.LocalDevToolsAutoConfiguration$RestartingClassPathChangeChangedEventListener - Restarting due to 1 class path change (0 additions, 0 deletions, 1 modification) 
2024-09-12T15:57:55.295 [Thread-5] INFO o.a.c.h.Http11NioProtocol - Stopping ProtocolHandler ["http-nio-8080"] 
2024-09-12T15:57:55.603 [restartedMain] INFO c.c.SkyblueApplication - Starting SkyblueApplication using Java 17.0.11 with PID 22956 (C:\factory\ws_sts4_4240\repo_skyblue\skyblue\bin\main started by user in C:\factory\ws_sts4_4240\repo_skyblue\skyblue) 
2024-09-12T15:57:55.603 [restartedMain] INFO c.c.SkyblueApplication - No active profile set, falling back to 1 default profile: "default" 
2024-09-12T15:57:55.775 [restartedMain] INFO o.s.b.w.e.t.TomcatWebServer - Tomcat initialized with port 8080 (http) 
2024-09-12T15:57:55.775 [restartedMain] INFO o.a.c.h.Http11NioProtocol - Initializing ProtocolHandler ["http-nio-8080"] 
2024-09-12T15:57:55.776 [restartedMain] INFO o.a.c.c.StandardService - Starting service [Tomcat] 
2024-09-12T15:57:55.776 [restartedMain] INFO o.a.c.c.StandardEngine - Starting Servlet engine: [Apache Tomcat/10.1.28] 
2024-09-12T15:57:55.791 [restartedMain] INFO o.a.c.c.C.[.[.[/] - Initializing Spring embedded WebApplicationContext 
2024-09-12T15:57:55.791 [restartedMain] INFO o.s.b.w.s.c.ServletWebServerApplicationContext - Root WebApplicationContext: initialization completed in 186 ms 
2024-09-12T15:57:55.912 [restartedMain] INFO o.s.b.d.a.OptionalLiveReloadServer - LiveReload server is running on port 35729 
2024-09-12T15:57:55.916 [restartedMain] INFO o.a.c.h.Http11NioProtocol - Starting ProtocolHandler ["http-nio-8080"] 
2024-09-12T15:57:55.919 [restartedMain] INFO o.s.b.w.e.t.TomcatWebServer - Tomcat started on port 8080 (http) with context path '/' 
2024-09-12T15:57:55.924 [restartedMain] INFO c.c.SkyblueApplication - Started SkyblueApplication in 0.343 seconds (process running for 109.572) 
2024-09-12T15:57:55.926 [restartedMain] INFO o.s.b.d.a.ConditionEvaluationDeltaLoggingListener - Condition evaluation unchanged 
2024-09-12T15:57:56.140 [http-nio-8080-exec-1] INFO o.a.c.c.C.[.[.[/] - Initializing Spring DispatcherServlet 'dispatcherServlet' 
2024-09-12T15:57:56.140 [http-nio-8080-exec-1] INFO o.s.w.s.DispatcherServlet - Initializing Servlet 'dispatcherServlet' 
2024-09-12T15:57:56.141 [http-nio-8080-exec-1] INFO o.s.w.s.DispatcherServlet - Completed initialization in 1 ms 
2024-09-12T15:57:56.194 [http-nio-8080-exec-1] INFO c.z.h.HikariDataSource - HikariPool-1 - Starting... 
2024-09-12T15:57:56.372 [http-nio-8080-exec-1] INFO c.z.h.p.PoolBase - HikariPool-1 - Driver does not support get/set network timeout for connections. (Receiver class net.sf.log4jdbc.sql.jdbcapi.ConnectionSpy does not define or inherit an implementation of the resolved method 'abstract int getNetworkTimeout()' of interface java.sql.Connection.) 
2024-09-12T15:57:56.374 [http-nio-8080-exec-1] INFO c.z.h.p.HikariPool - HikariPool-1 - Added connection net.sf.log4jdbc.sql.jdbcapi.ConnectionSpy@77626f22 
2024-09-12T15:57:56.375 [http-nio-8080-exec-1] INFO c.z.h.HikariDataSource - HikariPool-1 - Start completed. 
2024-09-12T15:57:56.396 [http-nio-8080-exec-1] DEBUG j.sqltiming -  com.zaxxer.hikari.pool.ProxyPreparedStatement.execute(ProxyPreparedStatement.java:44)
1. SELECT
			a.ifcgSeq
		    ,a.ifcgName
		    ,a.ifcgUseNy
		    ,a.ifcgOrder
		    ,a.ifcgDelNy
		    ,a.ifcgDesc
		    ,a.ifcgRgDate
		    ,a.ifcgEditDate
		    ,(SELECT count(ifcdSeq)
				FROM Code b 
		        WHERE 1=1
		        AND b.codegroup_ifcgSeq = a.ifcgSeq)
		        AS ifcdSeqcount
		FROM
			codegroup a
		WHERE 1=1

			 AND a.ifcgEditDate BETWEEN '2024-09-11 00:00:00' AND '2024-09-11' 

		ORDER BY
			a.ifcgSeq desc
 {executed in 7 msec} 
2024-09-12T15:57:56.410 [http-nio-8080-exec-1] DEBUG j.sqltiming -  com.zaxxer.hikari.pool.ProxyPreparedStatement.execute(ProxyPreparedStatement.java:44)
1. SELECT
			a.ifcgSeq
		    ,a.ifcgName
		    ,a.ifcgUseNy
		    ,a.ifcgOrder
		    ,a.ifcgDelNy
		    ,a.ifcgDesc
		    ,a.ifcgRgDate
		    ,a.ifcgEditDate
		    ,(SELECT count(ifcdSeq)
				FROM Code b 
		        WHERE 1=1
		        AND b.codegroup_ifcgSeq = a.ifcgSeq)
		        AS ifcdSeqcount
		FROM
			codegroup a
		WHERE 1=1

			 AND a.ifcgEditDate BETWEEN '2024-09-11 00:00:00' AND '2024-09-11' 

		ORDER BY
			a.ifcgSeq desc
 {executed in 1 msec} 
2024-09-12T15:57:57.010 [http-nio-8080-exec-10] DEBUG j.sqltiming -  com.zaxxer.hikari.pool.ProxyPreparedStatement.execute(ProxyPreparedStatement.java:44)
1. SELECT
			a.ifcgSeq
		    ,a.ifcgName
		    ,a.ifcgUseNy
		    ,a.ifcgOrder
		    ,a.ifcgDelNy
		    ,a.ifcgDesc
		    ,a.ifcgRgDate
		    ,a.ifcgEditDate
		    ,(SELECT count(ifcdSeq)
				FROM Code b 
		        WHERE 1=1
		        AND b.codegroup_ifcgSeq = a.ifcgSeq)
		        AS ifcdSeqcount
		FROM
			codegroup a
		WHERE 1=1

		ORDER BY
			a.ifcgSeq desc
 {executed in 1 msec} 
2024-09-12T15:57:57.014 [http-nio-8080-exec-10] DEBUG j.sqltiming -  com.zaxxer.hikari.pool.ProxyPreparedStatement.execute(ProxyPreparedStatement.java:44)
1. SELECT
			a.ifcgSeq
		    ,a.ifcgName
		    ,a.ifcgUseNy
		    ,a.ifcgOrder
		    ,a.ifcgDelNy
		    ,a.ifcgDesc
		    ,a.ifcgRgDate
		    ,a.ifcgEditDate
		    ,(SELECT count(ifcdSeq)
				FROM Code b 
		        WHERE 1=1
		        AND b.codegroup_ifcgSeq = a.ifcgSeq)
		        AS ifcdSeqcount
		FROM
			codegroup a
		WHERE 1=1

		ORDER BY
			a.ifcgSeq desc
 {executed in 1 msec} 
2024-09-12T15:58:06.630 [http-nio-8080-exec-5] DEBUG j.sqltiming -  com.zaxxer.hikari.pool.ProxyPreparedStatement.execute(ProxyPreparedStatement.java:44)
1. SELECT
			a.ifcgSeq
		    ,a.ifcgName
		    ,a.ifcgUseNy
		    ,a.ifcgOrder
		    ,a.ifcgDelNy
		    ,a.ifcgDesc
		    ,a.ifcgRgDate
		    ,a.ifcgEditDate
		    ,(SELECT count(ifcdSeq)
				FROM Code b 
		        WHERE 1=1
		        AND b.codegroup_ifcgSeq = a.ifcgSeq)
		        AS ifcdSeqcount
		FROM
			codegroup a
		WHERE 1=1

			 AND a.ifcgRgDate BETWEEN '2024-09-10 00:00:00' AND '2024-09-10' 

		ORDER BY
			a.ifcgSeq desc
 {executed in 1 msec} 
2024-09-12T15:58:06.632 [http-nio-8080-exec-5] DEBUG j.sqltiming -  com.zaxxer.hikari.pool.ProxyPreparedStatement.execute(ProxyPreparedStatement.java:44)
1. SELECT
			a.ifcgSeq
		    ,a.ifcgName
		    ,a.ifcgUseNy
		    ,a.ifcgOrder
		    ,a.ifcgDelNy
		    ,a.ifcgDesc
		    ,a.ifcgRgDate
		    ,a.ifcgEditDate
		    ,(SELECT count(ifcdSeq)
				FROM Code b 
		        WHERE 1=1
		        AND b.codegroup_ifcgSeq = a.ifcgSeq)
		        AS ifcdSeqcount
		FROM
			codegroup a
		WHERE 1=1

			 AND a.ifcgRgDate BETWEEN '2024-09-10 00:00:00' AND '2024-09-10' 

		ORDER BY
			a.ifcgSeq desc
 {executed in 0 msec} 
2024-09-12T15:58:13.238 [http-nio-8080-exec-5] DEBUG j.sqltiming -  com.zaxxer.hikari.pool.ProxyPreparedStatement.execute(ProxyPreparedStatement.java:44)
1. SELECT
			a.ifcgSeq
		    ,a.ifcgName
		    ,a.ifcgUseNy
		    ,a.ifcgOrder
		    ,a.ifcgDelNy
		    ,a.ifcgDesc
		    ,a.ifcgRgDate
		    ,a.ifcgEditDate
		    ,(SELECT count(ifcdSeq)
				FROM Code b 
		        WHERE 1=1
		        AND b.codegroup_ifcgSeq = a.ifcgSeq)
		        AS ifcdSeqcount
		FROM
			codegroup a
		WHERE 1=1

			 AND a.ifcgRgDate BETWEEN '2024-09-10 00:00:00' AND '2024-09-11' 

		ORDER BY
			a.ifcgSeq desc
 {executed in 1 msec} 
2024-09-12T15:58:13.241 [http-nio-8080-exec-5] DEBUG j.sqltiming -  com.zaxxer.hikari.pool.ProxyPreparedStatement.execute(ProxyPreparedStatement.java:44)
1. SELECT
			a.ifcgSeq
		    ,a.ifcgName
		    ,a.ifcgUseNy
		    ,a.ifcgOrder
		    ,a.ifcgDelNy
		    ,a.ifcgDesc
		    ,a.ifcgRgDate
		    ,a.ifcgEditDate
		    ,(SELECT count(ifcdSeq)
				FROM Code b 
		        WHERE 1=1
		        AND b.codegroup_ifcgSeq = a.ifcgSeq)
		        AS ifcdSeqcount
		FROM
			codegroup a
		WHERE 1=1

			 AND a.ifcgRgDate BETWEEN '2024-09-10 00:00:00' AND '2024-09-11' 

		ORDER BY
			a.ifcgSeq desc
 {executed in 1 msec} 
2024-09-12T15:58:16.442 [http-nio-8080-exec-5] DEBUG j.sqltiming -  com.zaxxer.hikari.pool.ProxyPreparedStatement.execute(ProxyPreparedStatement.java:44)
1. SELECT
			a.ifcgSeq
		    ,a.ifcgName
		    ,a.ifcgUseNy
		    ,a.ifcgOrder
		    ,a.ifcgDelNy
		    ,a.ifcgDesc
		    ,a.ifcgRgDate
		    ,a.ifcgEditDate
		    ,(SELECT count(ifcdSeq)
				FROM Code b 
		        WHERE 1=1
		        AND b.codegroup_ifcgSeq = a.ifcgSeq)
		        AS ifcdSeqcount
		FROM
			codegroup a
		WHERE 1=1

		ORDER BY
			a.ifcgSeq desc
 {executed in 1 msec} 
2024-09-12T15:58:16.445 [http-nio-8080-exec-5] DEBUG j.sqltiming -  com.zaxxer.hikari.pool.ProxyPreparedStatement.execute(ProxyPreparedStatement.java:44)
1. SELECT
			a.ifcgSeq
		    ,a.ifcgName
		    ,a.ifcgUseNy
		    ,a.ifcgOrder
		    ,a.ifcgDelNy
		    ,a.ifcgDesc
		    ,a.ifcgRgDate
		    ,a.ifcgEditDate
		    ,(SELECT count(ifcdSeq)
				FROM Code b 
		        WHERE 1=1
		        AND b.codegroup_ifcgSeq = a.ifcgSeq)
		        AS ifcdSeqcount
		FROM
			codegroup a
		WHERE 1=1

		ORDER BY
			a.ifcgSeq desc
 {executed in 1 msec} 
2024-09-12T15:58:25.615 [http-nio-8080-exec-7] DEBUG j.sqltiming -  com.zaxxer.hikari.pool.ProxyPreparedStatement.execute(ProxyPreparedStatement.java:44)
1. SELECT
			a.ifcgSeq
		    ,a.ifcgName
		    ,a.ifcgUseNy
		    ,a.ifcgOrder
		    ,a.ifcgDelNy
		    ,a.ifcgDesc
		    ,a.ifcgRgDate
		    ,a.ifcgEditDate
		    ,(SELECT count(ifcdSeq)
				FROM Code b 
		        WHERE 1=1
		        AND b.codegroup_ifcgSeq = a.ifcgSeq)
		        AS ifcdSeqcount
		FROM
			codegroup a
		WHERE 1=1

			 AND a.ifcgEditDate BETWEEN '2024-09-04 00:00:00' AND '2024-09-05' 

		ORDER BY
			a.ifcgSeq desc
 {executed in 0 msec} 
2024-09-12T15:58:25.617 [http-nio-8080-exec-7] DEBUG j.sqltiming -  com.zaxxer.hikari.pool.ProxyPreparedStatement.execute(ProxyPreparedStatement.java:44)
1. SELECT
			a.ifcgSeq
		    ,a.ifcgName
		    ,a.ifcgUseNy
		    ,a.ifcgOrder
		    ,a.ifcgDelNy
		    ,a.ifcgDesc
		    ,a.ifcgRgDate
		    ,a.ifcgEditDate
		    ,(SELECT count(ifcdSeq)
				FROM Code b 
		        WHERE 1=1
		        AND b.codegroup_ifcgSeq = a.ifcgSeq)
		        AS ifcdSeqcount
		FROM
			codegroup a
		WHERE 1=1

			 AND a.ifcgEditDate BETWEEN '2024-09-04 00:00:00' AND '2024-09-05' 

		ORDER BY
			a.ifcgSeq desc
 {executed in 1 msec} 
2024-09-12T15:58:36.469 [http-nio-8080-exec-7] DEBUG j.sqltiming -  com.zaxxer.hikari.pool.ProxyPreparedStatement.execute(ProxyPreparedStatement.java:44)
1. SELECT
			a.ifcgSeq
		    ,a.ifcgName
		    ,a.ifcgUseNy
		    ,a.ifcgOrder
		    ,a.ifcgDelNy
		    ,a.ifcgDesc
		    ,a.ifcgRgDate
		    ,a.ifcgEditDate
		    ,(SELECT count(ifcdSeq)
				FROM Code b 
		        WHERE 1=1
		        AND b.codegroup_ifcgSeq = a.ifcgSeq)
		        AS ifcdSeqcount
		FROM
			codegroup a
		WHERE 1=1

		ORDER BY
			a.ifcgSeq desc
 {executed in 2 msec} 
2024-09-12T15:58:36.473 [http-nio-8080-exec-7] DEBUG j.sqltiming -  com.zaxxer.hikari.pool.ProxyPreparedStatement.execute(ProxyPreparedStatement.java:44)
1. SELECT
			a.ifcgSeq
		    ,a.ifcgName
		    ,a.ifcgUseNy
		    ,a.ifcgOrder
		    ,a.ifcgDelNy
		    ,a.ifcgDesc
		    ,a.ifcgRgDate
		    ,a.ifcgEditDate
		    ,(SELECT count(ifcdSeq)
				FROM Code b 
		        WHERE 1=1
		        AND b.codegroup_ifcgSeq = a.ifcgSeq)
		        AS ifcdSeqcount
		FROM
			codegroup a
		WHERE 1=1

		ORDER BY
			a.ifcgSeq desc
 {executed in 2 msec} 
2024-09-12T15:59:05.368 [http-nio-8080-exec-5] DEBUG j.sqltiming -  com.zaxxer.hikari.pool.ProxyPreparedStatement.execute(ProxyPreparedStatement.java:44)
1. SELECT
			a.ifcgSeq
		    ,a.ifcgName
		    ,a.ifcgUseNy
		    ,a.ifcgOrder
		    ,a.ifcgDelNy
		    ,a.ifcgDesc
		    ,a.ifcgRgDate
		    ,a.ifcgEditDate
		    ,(SELECT count(ifcdSeq)
				FROM Code b 
		        WHERE 1=1
		        AND b.codegroup_ifcgSeq = a.ifcgSeq)
		        AS ifcdSeqcount
		FROM
			codegroup a
		WHERE 1=1

		ORDER BY
			a.ifcgSeq desc
 {executed in 1 msec} 
2024-09-12T15:59:05.372 [http-nio-8080-exec-5] DEBUG j.sqltiming -  com.zaxxer.hikari.pool.ProxyPreparedStatement.execute(ProxyPreparedStatement.java:44)
1. SELECT
			a.ifcgSeq
		    ,a.ifcgName
		    ,a.ifcgUseNy
		    ,a.ifcgOrder
		    ,a.ifcgDelNy
		    ,a.ifcgDesc
		    ,a.ifcgRgDate
		    ,a.ifcgEditDate
		    ,(SELECT count(ifcdSeq)
				FROM Code b 
		        WHERE 1=1
		        AND b.codegroup_ifcgSeq = a.ifcgSeq)
		        AS ifcdSeqcount
		FROM
			codegroup a
		WHERE 1=1

		ORDER BY
			a.ifcgSeq desc
 {executed in 2 msec} 
2024-09-12T15:59:15.523 [http-nio-8080-exec-7] DEBUG j.sqltiming -  com.zaxxer.hikari.pool.ProxyPreparedStatement.execute(ProxyPreparedStatement.java:44)
1. SELECT
			a.ifcgSeq
		    ,a.ifcgName
		    ,a.ifcgUseNy
		    ,a.ifcgOrder
		    ,a.ifcgDelNy
		    ,a.ifcgDesc
		    ,a.ifcgRgDate
		    ,a.ifcgEditDate
		    ,(SELECT count(ifcdSeq)
				FROM Code b 
		        WHERE 1=1
		        AND b.codegroup_ifcgSeq = a.ifcgSeq)
		        AS ifcdSeqcount
		FROM
			codegroup a
		WHERE 1=1

			 AND a.ifcgRgDate BETWEEN '2024-09-10 00:00:00' AND '2024-09-12' 

		ORDER BY
			a.ifcgSeq desc
 {executed in 1 msec} 
2024-09-12T15:59:15.525 [http-nio-8080-exec-7] DEBUG j.sqltiming -  com.zaxxer.hikari.pool.ProxyPreparedStatement.execute(ProxyPreparedStatement.java:44)
1. SELECT
			a.ifcgSeq
		    ,a.ifcgName
		    ,a.ifcgUseNy
		    ,a.ifcgOrder
		    ,a.ifcgDelNy
		    ,a.ifcgDesc
		    ,a.ifcgRgDate
		    ,a.ifcgEditDate
		    ,(SELECT count(ifcdSeq)
				FROM Code b 
		        WHERE 1=1
		        AND b.codegroup_ifcgSeq = a.ifcgSeq)
		        AS ifcdSeqcount
		FROM
			codegroup a
		WHERE 1=1

			 AND a.ifcgRgDate BETWEEN '2024-09-10 00:00:00' AND '2024-09-12' 

		ORDER BY
			a.ifcgSeq desc
 {executed in 1 msec} 
